<?xml version="1.0" encoding="UTF-8"?>
<coverage generated="1684383301452" clover="3.2.0">
  <project timestamp="1684383301453" name="All files">
    <metrics statements="14" coveredstatements="14" conditionals="7" coveredconditionals="4" methods="3" coveredmethods="3" elements="24" coveredelements="21" complexity="0" loc="14" ncloc="14" packages="1" files="3" classes="3"/>
    <file name="addtasktoarray.js" path="D:\ji_ca\OneDrive\Escritorio\microverse\Mod2\todo-for-review\src\addtasktoarray.js">
      <metrics statements="6" coveredstatements="6" conditionals="2" coveredconditionals="1" methods="1" coveredmethods="1"/>
      <line num="3" count="1" type="stmt"/>
      <line num="4" count="2" type="stmt"/>
      <line num="5" count="2" type="stmt"/>
      <line num="6" count="2" type="cond" truecount="1" falsecount="1"/>
      <line num="7" count="2" type="stmt"/>
      <line num="8" count="2" type="stmt"/>
    </file>
    <file name="deletetaskfromarray.js" path="D:\ji_ca\OneDrive\Escritorio\microverse\Mod2\todo-for-review\src\deletetaskfromarray.js">
      <metrics statements="5" coveredstatements="5" conditionals="2" coveredconditionals="1" methods="1" coveredmethods="1"/>
      <line num="1" count="1" type="stmt"/>
      <line num="2" count="2" type="stmt"/>
      <line num="3" count="2" type="cond" truecount="1" falsecount="1"/>
      <line num="4" count="2" type="stmt"/>
      <line num="6" count="2" type="stmt"/>
    </file>
    <file name="task.js" path="D:\ji_ca\OneDrive\Escritorio\microverse\Mod2\todo-for-review\src\task.js">
      <metrics statements="3" coveredstatements="3" conditionals="3" coveredconditionals="2" methods="1" coveredmethods="1"/>
      <line num="3" count="2" type="stmt"/>
      <line num="4" count="2" type="stmt"/>
      <line num="5" count="2" type="stmt"/>
    </file>
  </project>
</coverage>
