{"C:\\Users\\Shopinverse\\Desktop\\todo-for-review\\src\\addtasktoarray.js": {"path":"C:\\Users\\Shopinverse\\Desktop\\todo-for-review\\src\\addtasktoarray.js","statementMap":{"0":{"start":{"line":3,"column":23},"end":{"line":9,"column":1}},"1":{"start":{"line":4,"column":18},"end":{"line":4,"column":46}},"2":{"start":{"line":5,"column":24},"end":{"line":5,"column":43}},"3":{"start":{"line":6,"column":2},"end":{"line":6,"column":77}},"4":{"start":{"line":7,"column":2},"end":{"line":7,"column":25}},"5":{"start":{"line":8,"column":2},"end":{"line":8,"column":18}}},"fnMap":{"0":{"name":"(anonymous_0)","decl":{"start":{"line":3,"column":23},"end":{"line":3,"column":24}},"loc":{"start":{"line":3,"column":57},"end":{"line":9,"column":1}},"line":3}},"branchMap":{"0":{"loc":{"start":{"line":6,"column":18},"end":{"line":6,"column":76}},"type":"cond-expr","locations":[{"start":{"line":6,"column":39},"end":{"line":6,"column":72}},{"start":{"line":6,"column":75},"end":{"line":6,"column":76}}],"line":6}},"s":{"0":1,"1":2,"2":2,"3":2,"4":2,"5":2},"f":{"0":2},"b":{"0":[2,0]},"_coverageSchema":"1a1c01bbd47fc00a2c39e90264f33305004495a9","hash":"c968e34766df21eb8689e7fe07b67becadaf5e88"}
,"C:\\Users\\Shopinverse\\Desktop\\todo-for-review\\src\\deletetaskfromarray.js": {"path":"C:\\Users\\Shopinverse\\Desktop\\todo-for-review\\src\\deletetaskfromarray.js","statementMap":{"0":{"start":{"line":1,"column":28},"end":{"line":7,"column":1}},"1":{"start":{"line":2,"column":20},"end":{"line":2,"column":42}},"2":{"start":{"line":3,"column":2},"end":{"line":5,"column":3}},"3":{"start":{"line":4,"column":4},"end":{"line":4,"column":34}},"4":{"start":{"line":6,"column":2},"end":{"line":6,"column":18}}},"fnMap":{"0":{"name":"(anonymous_0)","decl":{"start":{"line":1,"column":28},"end":{"line":1,"column":29}},"loc":{"start":{"line":1,"column":48},"end":{"line":7,"column":1}},"line":1}},"branchMap":{"0":{"loc":{"start":{"line":3,"column":2},"end":{"line":5,"column":3}},"type":"if","locations":[{"start":{"line":3,"column":2},"end":{"line":5,"column":3}},{"start":{},"end":{}}],"line":3}},"s":{"0":1,"1":2,"2":2,"3":2,"4":2},"f":{"0":2},"b":{"0":[2,0]},"_coverageSchema":"1a1c01bbd47fc00a2c39e90264f33305004495a9","hash":"6202042d2ac7ab9969370a952b3c62924f320c61"}
,"C:\\Users\\Shopinverse\\Desktop\\todo-for-review\\src\\task.js": {"path":"C:\\Users\\Shopinverse\\Desktop\\todo-for-review\\src\\task.js","statementMap":{"0":{"start":{"line":3,"column":4},"end":{"line":3,"column":35}},"1":{"start":{"line":4,"column":4},"end":{"line":4,"column":31}},"2":{"start":{"line":5,"column":4},"end":{"line":5,"column":23}}},"fnMap":{"0":{"name":"(anonymous_0)","decl":{"start":{"line":2,"column":2},"end":{"line":2,"column":3}},"loc":{"start":{"line":2,"column":70},"end":{"line":6,"column":3}},"line":2}},"branchMap":{"0":{"loc":{"start":{"line":2,"column":14},"end":{"line":2,"column":38}},"type":"default-arg","locations":[{"start":{"line":2,"column":28},"end":{"line":2,"column":38}}],"line":2},"1":{"loc":{"start":{"line":2,"column":40},"end":{"line":2,"column":57}},"type":"default-arg","locations":[{"start":{"line":2,"column":52},"end":{"line":2,"column":57}}],"line":2},"2":{"loc":{"start":{"line":2,"column":59},"end":{"line":2,"column":68}},"type":"default-arg","locations":[{"start":{"line":2,"column":67},"end":{"line":2,"column":68}}],"line":2}},"s":{"0":2,"1":2,"2":2},"f":{"0":2},"b":{"0":[0],"1":[2],"2":[2]},"_coverageSchema":"1a1c01bbd47fc00a2c39e90264f33305004495a9","hash":"09ae681fe32bd6be9fb06081a92830030d157f2c"}
}
